/BATCH  
/COM,ANSYS RELEASE 12.0.1  UP20090415       22:11:55    10/30/2016
/input,menust,tmp,'',,,,,,,,,,,,,,,,1   
/COM,ANSYS RELEASE 12.0.1  UP20090415       22:11:55    10/30/2016
/GRA,POWER
/GST,ON
/PLO,INFO,3
/GRO,CURL,ON
/CPLANE,1   
/REPLOT,RESIZE  
WPSTYLE,,,,,,,,0
/BATCH  
/COM,ANSYS RELEASE 12.0.1  UP20090415       22:36:59    11/28/2018
/input,menust,tmp,'',,,,,,,,,,,,,,,,1   
/COM,ANSYS RELEASE 12.0.1  UP20090415       22:36:59    11/28/2018
/GRA,POWER
/GST,ON
/PLO,INFO,3
/GRO,CURL,ON
/CPLANE,1   
/REPLOT,RESIZE  
WPSTYLE,,,,,,,,0
FINISH  
! /EXIT,NOSAV   
